#
# There is insufficient memory for the Java Runtime Environment to continue.
# Native memory allocation (malloc) failed to allocate 55574528 bytes for committing reserved memory.
# Possible reasons:
#   The system is out of physical RAM or swap space
#   In 32 bit mode, the process size limit was hit
# Possible solutions:
#   Reduce memory load on the system
#   Increase physical memory or swap space
#   Check if swap backing store is full
#   Use 64 bit Java on a 64 bit OS
#   Decrease Java heap size (-Xmx/-Xms)
#   Decrease number of Java threads
#   Decrease Java thread stack sizes (-Xss)
#   Set larger code cache with -XX:ReservedCodeCacheSize=
# This output file may be truncated or incomplete.
#
#  Out of Memory Error (os_linux.cpp:2718), pid=15817, tid=139962592384768
#
# JRE version: Java(TM) SE Runtime Environment (7.0_45-b18) (build 1.7.0_45-b18)
# Java VM: Java HotSpot(TM) 64-Bit Server VM (24.45-b08 mixed mode linux-amd64 compressed oops)
# Failed to write core dump. Core dumps have been disabled. To enable core dumping, try "ulimit -c unlimited" before starting Java again
#

---------------  T H R E A D  ---------------

Current thread (0x00007f4b90065800):  VMThread [stack: 0x00007f4b9489d000,0x00007f4b9499e000] [id=15824]

Stack: [0x00007f4b9489d000,0x00007f4b9499e000],  sp=0x00007f4b9499c220,  free space=1020k
Native frames: (J=compiled Java code, j=interpreted, Vv=VM code, C=native code)
V  [libjvm.so+0x992c8a]  VMError::report_and_die()+0x2ea
V  [libjvm.so+0x49319b]  report_vm_out_of_memory(char const*, int, unsigned long, char const*)+0x9b
V  [libjvm.so+0x81310e]  os::Linux::commit_memory_impl(char*, unsigned long, bool)+0xfe
V  [libjvm.so+0x8135bf]  os::Linux::commit_memory_impl(char*, unsigned long, unsigned long, bool)+0x4f
V  [libjvm.so+0x81377c]  os::pd_commit_memory(char*, unsigned long, unsigned long, bool)+0xc
V  [libjvm.so+0x80d86a]  os::commit_memory(char*, unsigned long, unsigned long, bool)+0x2a
V  [libjvm.so+0x87fa33]  PSVirtualSpace::expand_by(unsigned long)+0x53
V  [libjvm.so+0x880e08]  PSYoungGen::resize_generation(unsigned long, unsigned long)+0xf8
V  [libjvm.so+0x87ff72]  PSYoungGen::resize(unsigned long, unsigned long)+0x22
V  [libjvm.so+0x87d40b]  PSScavenge::invoke_no_policy()+0xf3b
V  [libjvm.so+0x87db71]  PSScavenge::invoke()+0x41
V  [libjvm.so+0x834c70]  ParallelScavengeHeap::failed_mem_allocate(unsigned long)+0x70
V  [libjvm.so+0x994527]  VM_ParallelGCFailedAllocation::doit()+0x97
V  [libjvm.so+0x99b955]  VM_Operation::evaluate()+0x55
V  [libjvm.so+0x999d8a]  VMThread::evaluate_operation(VM_Operation*)+0xba
V  [libjvm.so+0x99a10e]  VMThread::loop()+0x1ce
V  [libjvm.so+0x99a580]  VMThread::run()+0x70
V  [libjvm.so+0x815288]  java_start(Thread*)+0x108

VM_Operation (0x00007f4b98bdbc80): ParallelGCFailedAllocation, mode: safepoint, requested by thread 0x00007f4b9000a000


---------------  P R O C E S S  ---------------

Java Threads: ( => current thread )
  0x00007f4b90092000 JavaThread "Service Thread" daemon [_thread_blocked, id=15830, stack(0x00007f4b94297000,0x00007f4b94398000)]
  0x00007f4b9008f800 JavaThread "C2 CompilerThread1" daemon [_thread_blocked, id=15829, stack(0x00007f4b94398000,0x00007f4b94499000)]
  0x00007f4b9008c800 JavaThread "C2 CompilerThread0" daemon [_thread_blocked, id=15828, stack(0x00007f4b94499000,0x00007f4b9459a000)]
  0x00007f4b90082800 JavaThread "Signal Dispatcher" daemon [_thread_blocked, id=15827, stack(0x00007f4b9459a000,0x00007f4b9469b000)]
  0x00007f4b9006b800 JavaThread "Finalizer" daemon [_thread_blocked, id=15826, stack(0x00007f4b9469b000,0x00007f4b9479c000)]
  0x00007f4b90067800 JavaThread "Reference Handler" daemon [_thread_blocked, id=15825, stack(0x00007f4b9479c000,0x00007f4b9489d000)]
  0x00007f4b9000a000 JavaThread "main" [_thread_blocked, id=15819, stack(0x00007f4b98add000,0x00007f4b98bde000)]

Other Threads:
=>0x00007f4b90065800 VMThread [stack: 0x00007f4b9489d000,0x00007f4b9499e000] [id=15824]
  0x00007f4b9009c800 WatcherThread [stack: 0x00007f4b94196000,0x00007f4b94297000] [id=15831]

VM state:at safepoint (normal execution)

VM Mutex/Monitor currently owned by a thread:  ([mutex/lock_event])
[0x00007f4b90006810] Threads_lock - owner thread: 0x00007f4b90065800
[0x00007f4b90006d10] Heap_lock - owner thread: 0x00007f4b9000a000

Heap
 PSYoungGen      total 54784K, used 6652K [0x00000000eaa80000, 0x00000000ee780000, 0x0000000100000000)
  eden space 48128K, 0% used [0x00000000eaa80000,0x00000000eaa80000,0x00000000ed980000)
  from space 6656K, 99% used [0x00000000ed980000,0x00000000edfff298,0x00000000ee000000)
  to   space 5632K, 0% used [0x00000000ee000000,0x00000000ee000000,0x00000000ee580000)
 ParOldGen       total 31744K, used 17377K [0x00000000c0000000, 0x00000000c1f00000, 0x00000000eaa80000)
  object space 31744K, 54% used [0x00000000c0000000,0x00000000c10f8530,0x00000000c1f00000)
 PSPermGen       total 21504K, used 5547K [0x00000000bae00000, 0x00000000bc300000, 0x00000000c0000000)
  object space 21504K, 25% used [0x00000000bae00000,0x00000000bb36ace8,0x00000000bc300000)

Card table byte_map: [0x00007f4b95bb4000,0x00007f4b95dde000] byte_map_base: 0x00007f4b955dd000

Polling page: 0x00007f4b98bff000

Code Cache  [0x00007f4b8d000000, 0x00007f4b8d270000, 0x00007f4b90000000)
 total_blobs=723 nmethods=497 adapters=180 free_code_cache=47269Kb largest_free_block=48327808

Compilation events (10 events):
Event: 19.888 Thread 0x00007f4b9008f800 nmethod 504 0x00007f4b8d16db90 code [0x00007f4b8d16dce0, 0x00007f4b8d16ddb8]
Event: 19.888 Thread 0x00007f4b9008f800  505             com.android.dx.cf.code.OneLocalsArray::<init> (22 bytes)
Event: 19.890 Thread 0x00007f4b9008f800 nmethod 505 0x00007f4b8d143b10 code [0x00007f4b8d143c60, 0x00007f4b8d143d78]
Event: 19.890 Thread 0x00007f4b9008f800  506             com.android.dx.cf.code.LocalsArray::<init> (6 bytes)
Event: 19.890 Thread 0x00007f4b9008f800 nmethod 506 0x00007f4b8d143910 code [0x00007f4b8d143a40, 0x00007f4b8d143a98]
Event: 19.890 Thread 0x00007f4b9008f800  507             java.util.TreeMap$PrivateEntryIterator::hasNext (13 bytes)
Event: 19.891 Thread 0x00007f4b9008f800 nmethod 507 0x00007f4b8d143710 code [0x00007f4b8d143840, 0x00007f4b8d143898]
Event: 19.891 Thread 0x00007f4b9008f800  508             com.android.dx.rop.type.StdTypeList::withFirst (53 bytes)
Event: 19.897 Thread 0x00007f4b9008c800 nmethod 499 0x00007f4b8d0c4010 code [0x00007f4b8d0c41a0, 0x00007f4b8d0c4528]
Event: 19.897 Thread 0x00007f4b9008c800  509   !         com.android.dx.cf.code.Ropper::doit (126 bytes)

GC Heap History (10 events):
Event: 5.789 GC heap after
Heap after GC invocations=2 (full 0):
 PSYoungGen      total 14336K, used 2023K [0x00000000eaa80000, 0x00000000ec680000, 0x0000000100000000)
  eden space 12288K, 0% used [0x00000000eaa80000,0x00000000eaa80000,0x00000000eb680000)
  from space 2048K, 98% used [0x00000000eb880000,0x00000000eba79c88,0x00000000eba80000)
  to   space 2048K, 0% used [0x00000000eb680000,0x00000000eb680000,0x00000000eb880000)
 ParOldGen       total 31744K, used 3188K [0x00000000c0000000, 0x00000000c1f00000, 0x00000000eaa80000)
  object space 31744K, 10% used [0x00000000c0000000,0x00000000c031d3a8,0x00000000c1f00000)
 PSPermGen       total 21504K, used 5363K [0x00000000bae00000, 0x00000000bc300000, 0x00000000c0000000)
  object space 21504K, 24% used [0x00000000bae00000,0x00000000bb33cd00,0x00000000bc300000)
}
Event: 7.927 GC heap before
{Heap before GC invocations=3 (full 0):
 PSYoungGen      total 14336K, used 14311K [0x00000000eaa80000, 0x00000000ec680000, 0x0000000100000000)
  eden space 12288K, 100% used [0x00000000eaa80000,0x00000000eb680000,0x00000000eb680000)
  from space 2048K, 98% used [0x00000000eb880000,0x00000000eba79c88,0x00000000eba80000)
  to   space 2048K, 0% used [0x00000000eb680000,0x00000000eb680000,0x00000000eb880000)
 ParOldGen       total 31744K, used 3188K [0x00000000c0000000, 0x00000000c1f00000, 0x00000000eaa80000)
  object space 31744K, 10% used [0x00000000c0000000,0x00000000c031d3a8,0x00000000c1f00000)
 PSPermGen       total 21504K, used 5429K [0x00000000bae00000, 0x00000000bc300000, 0x00000000c0000000)
  object space 21504K, 25% used [0x00000000bae00000,0x00000000bb34d648,0x00000000bc300000)
Event: 8.010 GC heap after
Heap after GC invocations=3 (full 0):
 PSYoungGen      total 14336K, used 2018K [0x00000000eaa80000, 0x00000000ec680000, 0x0000000100000000)
  eden space 12288K, 0% used [0x00000000eaa80000,0x00000000eaa80000,0x00000000eb680000)
  from space 2048K, 98% used [0x00000000eb680000,0x00000000eb878ba8,0x00000000eb880000)
  to   space 2048K, 0% used [0x00000000ec480000,0x00000000ec480000,0x00000000ec680000)
 ParOldGen       total 31744K, used 5435K [0x00000000c0000000, 0x00000000c1f00000, 0x00000000eaa80000)
  object space 31744K, 17% used [0x00000000c0000000,0x00000000c054edd8,0x00000000c1f00000)
 PSPermGen       total 21504K, used 5429K [0x00000000bae00000, 0x00000000bc300000, 0x00000000c0000000)
  object space 21504K, 25% used [0x00000000bae00000,0x00000000bb34d648,0x00000000bc300000)
}
Event: 10.043 GC heap before
{Heap before GC invocations=4 (full 0):
 PSYoungGen      total 14336K, used 14306K [0x00000000eaa80000, 0x00000000ec680000, 0x0000000100000000)
  eden space 12288K, 100% used [0x00000000eaa80000,0x00000000eb680000,0x00000000eb680000)
  from space 2048K, 98% used [0x00000000eb680000,0x00000000eb878ba8,0x00000000eb880000)
  to   space 2048K, 0% used [0x00000000ec480000,0x00000000ec480000,0x00000000ec680000)
 ParOldGen       total 31744K, used 5435K [0x00000000c0000000, 0x00000000c1f00000, 0x00000000eaa80000)
  object space 31744K, 17% used [0x00000000c0000000,0x00000000c054edd8,0x00000000c1f00000)
 PSPermGen       total 21504K, used 5458K [0x00000000bae00000, 0x00000000bc300000, 0x00000000c0000000)
  object space 21504K, 25% used [0x00000000bae00000,0x00000000bb354888,0x00000000bc300000)
Event: 10.212 GC heap after
Heap after GC invocations=4 (full 0):
 PSYoungGen      total 26624K, used 2036K [0x00000000eaa80000, 0x00000000ec680000, 0x0000000100000000)
  eden space 24576K, 0% used [0x00000000eaa80000,0x00000000eaa80000,0x00000000ec280000)
  from space 2048K, 99% used [0x00000000ec480000,0x00000000ec67d3e8,0x00000000ec680000)
  to   space 2048K, 0% used [0x00000000ec280000,0x00000000ec280000,0x00000000ec480000)
 ParOldGen       total 31744K, used 7279K [0x00000000c0000000, 0x00000000c1f00000, 0x00000000eaa80000)
  object space 31744K, 22% used [0x00000000c0000000,0x00000000c071bfc8,0x00000000c1f00000)
 PSPermGen       total 21504K, used 5458K [0x00000000bae00000, 0x00000000bc300000, 0x00000000c0000000)
  object space 21504K, 25% used [0x00000000bae00000,0x00000000bb354888,0x00000000bc300000)
}
Event: 13.827 GC heap before
{Heap before GC invocations=5 (full 0):
 PSYoungGen      total 26624K, used 26612K [0x00000000eaa80000, 0x00000000ec680000, 0x0000000100000000)
  eden space 24576K, 100% used [0x00000000eaa80000,0x00000000ec280000,0x00000000ec280000)
  from space 2048K, 99% used [0x00000000ec480000,0x00000000ec67d3e8,0x00000000ec680000)
  to   space 2048K, 0% used [0x00000000ec280000,0x00000000ec280000,0x00000000ec480000)
 ParOldGen       total 31744K, used 7279K [0x00000000c0000000, 0x00000000c1f00000, 0x00000000eaa80000)
  object space 31744K, 22% used [0x00000000c0000000,0x00000000c071bfc8,0x00000000c1f00000)
 PSPermGen       total 21504K, used 5490K [0x00000000bae00000, 0x00000000bc300000, 0x00000000c0000000)
  object space 21504K, 25% used [0x00000000bae00000,0x00000000bb35c9d8,0x00000000bc300000)
Event: 13.929 GC heap after
Heap after GC invocations=5 (full 0):
 PSYoungGen      total 26624K, used 2039K [0x00000000eaa80000, 0x00000000ee580000, 0x0000000100000000)
  eden space 24576K, 0% used [0x00000000eaa80000,0x00000000eaa80000,0x00000000ec280000)
  from space 2048K, 99% used [0x00000000ec280000,0x00000000ec47dcf0,0x00000000ec480000)
  to   space 5632K, 0% used [0x00000000ee000000,0x00000000ee000000,0x00000000ee580000)
 ParOldGen       total 31744K, used 11016K [0x00000000c0000000, 0x00000000c1f00000, 0x00000000eaa80000)
  object space 31744K, 34% used [0x00000000c0000000,0x00000000c0ac21a8,0x00000000c1f00000)
 PSPermGen       total 21504K, used 5490K [0x00000000bae00000, 0x00000000bc300000, 0x00000000c0000000)
  object space 21504K, 25% used [0x00000000bae00000,0x00000000bb35c9d8,0x00000000bc300000)
}
Event: 16.112 GC heap before
{Heap before GC invocations=6 (full 0):
 PSYoungGen      total 26624K, used 26615K [0x00000000eaa80000, 0x00000000ee580000, 0x0000000100000000)
  eden space 24576K, 100% used [0x00000000eaa80000,0x00000000ec280000,0x00000000ec280000)
  from space 2048K, 99% used [0x00000000ec280000,0x00000000ec47dcf0,0x00000000ec480000)
  to   space 5632K, 0% used [0x00000000ee000000,0x00000000ee000000,0x00000000ee580000)
 ParOldGen       total 31744K, used 11016K [0x00000000c0000000, 0x00000000c1f00000, 0x00000000eaa80000)
  object space 31744K, 34% used [0x00000000c0000000,0x00000000c0ac21a8,0x00000000c1f00000)
 PSPermGen       total 21504K, used 5513K [0x00000000bae00000, 0x00000000bc300000, 0x00000000c0000000)
  object space 21504K, 25% used [0x00000000bae00000,0x00000000bb3625d8,0x00000000bc300000)
Event: 16.193 GC heap after
Heap after GC invocations=6 (full 0):
 PSYoungGen      total 53760K, used 5605K [0x00000000eaa80000, 0x00000000ee780000, 0x0000000100000000)
  eden space 48128K, 0% used [0x00000000eaa80000,0x00000000eaa80000,0x00000000ed980000)
  from space 5632K, 99% used [0x00000000ee000000,0x00000000ee5794b0,0x00000000ee580000)
  to   space 6656K, 0% used [0x00000000ed980000,0x00000000ed980000,0x00000000ee000000)
 ParOldGen       total 31744K, used 11122K [0x00000000c0000000, 0x00000000c1f00000, 0x00000000eaa80000)
  object space 31744K, 35% used [0x00000000c0000000,0x00000000c0adcba8,0x00000000c1f00000)
 PSPermGen       total 21504K, used 5513K [0x00000000bae00000, 0x00000000bc300000, 0x00000000c0000000)
  object space 21504K, 25% used [0x00000000bae00000,0x00000000bb3625d8,0x00000000bc300000)
}
Event: 20.008 GC heap before
{Heap before GC invocations=7 (full 0):
 PSYoungGen      total 53760K, used 53733K [0x00000000eaa80000, 0x00000000ee780000, 0x0000000100000000)
  eden space 48128K, 100% used [0x00000000eaa80000,0x00000000ed980000,0x00000000ed980000)
  from space 5632K, 99% used [0x00000000ee000000,0x00000000ee5794b0,0x00000000ee580000)
  to   space 6656K, 0% used [0x00000000ed980000,0x00000000ed980000,0x00000000ee000000)
 ParOldGen       total 31744K, used 11122K [0x00000000c0000000, 0x00000000c1f00000, 0x00000000eaa80000)
  object space 31744K, 35% used [0x00000000c0000000,0x00000000c0adcba8,0x00000000c1f00000)
 PSPermGen       total 21504K, used 5547K [0x00000000bae00000, 0x00000000bc300000, 0x00000000c0000000)
  object space 21504K, 25% used [0x00000000bae00000,0x00000000bb36ace8,0x00000000bc300000)

Deoptimization events (10 events):
Event: 15.574 Thread 0x00007f4b9000a000 Uncommon trap: reason=bimorphic action=maybe_recompile pc=0x00007f4b8d141ddc method=com.android.dx.ssa.LiteralOpUpgrader.tryReplacingWithConstant(Lcom/android/dx/ssa/NormalSsaInsn;)Z @ 52
Event: 15.769 Thread 0x00007f4b9000a000 Uncommon trap: reason=bimorphic action=maybe_recompile pc=0x00007f4b8d1626ec method=com.android.dx.cf.code.BytecodeArray.parseInstruction(ILcom/android/dx/cf/code/BytecodeArray$Visitor;)I @ 1130
Event: 15.769 Thread 0x00007f4b9000a000 Uncommon trap: reason=bimorphic action=maybe_recompile pc=0x00007f4b8d1626ec method=com.android.dx.cf.code.BytecodeArray.parseInstruction(ILcom/android/dx/cf/code/BytecodeArray$Visitor;)I @ 1130
Event: 15.830 Thread 0x00007f4b9000a000 Uncommon trap: reason=bimorphic action=maybe_recompile pc=0x00007f4b8d1623bc method=com.android.dx.cf.code.BytecodeArray.parseInstruction(ILcom/android/dx/cf/code/BytecodeArray$Visitor;)I @ 971
Event: 15.831 Thread 0x00007f4b9000a000 Uncommon trap: reason=bimorphic action=maybe_recompile pc=0x00007f4b8d1623bc method=com.android.dx.cf.code.BytecodeArray.parseInstruction(ILcom/android/dx/cf/code/BytecodeArray$Visitor;)I @ 971
Event: 15.943 Thread 0x00007f4b9000a000 Uncommon trap: reason=bimorphic action=maybe_recompile pc=0x00007f4b8d14d3cc method=com.android.dx.ssa.LiteralOpUpgrader.tryReplacingWithConstant(Lcom/android/dx/ssa/NormalSsaInsn;)Z @ 52
Event: 16.421 Thread 0x00007f4b9000a000 Uncommon trap: reason=class_check action=maybe_recompile pc=0x00007f4b8d105ee8 method=com.android.dx.cf.code.Ropper.processBlock(Lcom/android/dx/cf/code/ByteBlock;Lcom/android/dx/cf/code/Frame;[I)V @ 777
Event: 16.754 Thread 0x00007f4b9000a000 Uncommon trap: reason=bimorphic action=maybe_recompile pc=0x00007f4b8d1b069c method=com.android.dx.cf.code.RopperMachine.run(Lcom/android/dx/cf/code/Frame;II)V @ 988
Event: 18.877 Thread 0x00007f4b9000a000 Uncommon trap: reason=null_check action=make_not_entrant pc=0x00007f4b8d1d0280 method=com.android.dx.dex.file.FieldIdsSection.intern(Lcom/android/dx/rop/cst/CstFieldRef;)Lcom/android/dx/dex/file/FieldIdItem; @ 26
Event: 19.327 Thread 0x00007f4b9000a000 Uncommon trap: reason=class_check action=maybe_recompile pc=0x00007f4b8d1b1a10 method=com.android.dx.cf.code.RopperMachine.run(Lcom/android/dx/cf/code/Frame;II)V @ 1024

Internal exceptions (10 events):
Event: 2.934 Thread 0x00007f4b9000a000 Threw 0x00000000eaaf2868 at /HUDSON/workspace/7u-2-build-linux-amd64/jdk7u45/229/hotspot/src/share/vm/prims/jvm.cpp:1244
Event: 2.951 Thread 0x00007f4b9000a000 Threw 0x00000000eab005d8 at /HUDSON/workspace/7u-2-build-linux-amd64/jdk7u45/229/hotspot/src/share/vm/prims/jvm.cpp:1244
Event: 3.629 Thread 0x00007f4b9000a000 Threw 0x00000000eae5b338 at /HUDSON/workspace/7u-2-build-linux-amd64/jdk7u45/229/hotspot/src/share/vm/prims/jvm.cpp:1244
Event: 3.696 Thread 0x00007f4b9000a000 Threw 0x00000000eae97080 at /HUDSON/workspace/7u-2-build-linux-amd64/jdk7u45/229/hotspot/src/share/vm/prims/jvm.cpp:1244
Event: 4.625 Thread 0x00007f4b9000a000 Threw 0x00000000eb170020 at /HUDSON/workspace/7u-2-build-linux-amd64/jdk7u45/229/hotspot/src/share/vm/prims/jvm.cpp:1244
Event: 6.654 Thread 0x00007f4b9000a000 Implicit null exception at 0x00007f4b8d0cb4d3 to 0x00007f4b8d0cbbfd
Event: 6.670 Thread 0x00007f4b9000a000 Implicit null exception at 0x00007f4b8d0bd450 to 0x00007f4b8d0be7ed
Event: 12.367 Thread 0x00007f4b9000a000 Threw 0x00000000eb8a70a0 at /HUDSON/workspace/7u-2-build-linux-amd64/jdk7u45/229/hotspot/src/share/vm/prims/jvm.cpp:1244
Event: 14.894 Thread 0x00007f4b9000a000 Threw 0x00000000eb4028b8 at /HUDSON/workspace/7u-2-build-linux-amd64/jdk7u45/229/hotspot/src/share/vm/prims/jvm.cpp:1244
Event: 16.770 Thread 0x00007f4b9000a000 Threw 0x00000000eb1ec6e8 at /HUDSON/workspace/7u-2-build-linux-amd64/jdk7u45/229/hotspot/src/share/vm/prims/jvm.cpp:1244

Events (10 events):
Event: 18.145 Thread 0x00007f4b9008c800 flushing nmethod 0x00007f4b8d143cd0
Event: 18.877 Thread 0x00007f4b9000a000 Uncommon trap: trap_request=0xfffffff4 fr.pc=0x00007f4b8d1d0280
Event: 18.877 Thread 0x00007f4b9000a000 DEOPT PACKING pc=0x00007f4b8d1d0280 sp=0x00007f4b98bdc240
Event: 18.877 Thread 0x00007f4b9000a000 DEOPT UNPACKING pc=0x00007f4b8d039045 sp=0x00007f4b98bdc198 mode 2
Event: 19.315 Thread 0x00007f4b9000a000 Uncommon trap: trap_request=0xffffffde fr.pc=0x00007f4b8d1b1a10
Event: 19.327 Thread 0x00007f4b9000a000 DEOPT PACKING pc=0x00007f4b8d1b1a10 sp=0x00007f4b98bdbcb0
Event: 19.327 Thread 0x00007f4b9000a000 DEOPT UNPACKING pc=0x00007f4b8d039045 sp=0x00007f4b98bdbc48 mode 2
Event: 19.542 Thread 0x00007f4b9008c800 flushing nmethod 0x00007f4b8d140fd0
Event: 19.556 Thread 0x00007f4b9008c800 flushing nmethod 0x00007f4b8d15f2d0
Event: 19.907 Executing VM operation: ParallelGCFailedAllocation


Dynamic libraries:
00400000-00401000 r-xp 00000000 08:08 2510741                            /home/k/Java/jdk1.7.0_45/bin/java
00600000-00601000 rw-p 00000000 08:08 2510741                            /home/k/Java/jdk1.7.0_45/bin/java
00e61000-00e82000 rw-p 00000000 00:00 0                                  [heap]
bae00000-bc300000 rw-p 00000000 00:00 0 
bc300000-c0000000 rw-p 00000000 00:00 0 
c0000000-c1f00000 rw-p 00000000 00:00 0 
c1f00000-eaa80000 rw-p 00000000 00:00 0 
eaa80000-ee780000 rw-p 00000000 00:00 0 
f1c80000-100000000 rw-p 00000000 00:00 0 
7f4b5c000000-7f4b5c021000 rw-p 00000000 00:00 0 
7f4b5c021000-7f4b60000000 ---p 00000000 00:00 0 
7f4b64000000-7f4b64d48000 rw-p 00000000 00:00 0 
7f4b64d48000-7f4b68000000 ---p 00000000 00:00 0 
7f4b68000000-7f4b68021000 rw-p 00000000 00:00 0 
7f4b68021000-7f4b6c000000 ---p 00000000 00:00 0 
7f4b6c000000-7f4b6c021000 rw-p 00000000 00:00 0 
7f4b6c021000-7f4b70000000 ---p 00000000 00:00 0 
7f4b70000000-7f4b70d8c000 rw-p 00000000 00:00 0 
7f4b70d8c000-7f4b74000000 ---p 00000000 00:00 0 
7f4b74000000-7f4b74021000 rw-p 00000000 00:00 0 
7f4b74021000-7f4b78000000 ---p 00000000 00:00 0 
7f4b78000000-7f4b78021000 rw-p 00000000 00:00 0 
7f4b78021000-7f4b7c000000 ---p 00000000 00:00 0 
7f4b7c000000-7f4b7c021000 rw-p 00000000 00:00 0 
7f4b7c021000-7f4b80000000 ---p 00000000 00:00 0 
7f4b80000000-7f4b8024c000 rw-p 00000000 00:00 0 
7f4b8024c000-7f4b84000000 ---p 00000000 00:00 0 
7f4b84000000-7f4b84021000 rw-p 00000000 00:00 0 
7f4b84021000-7f4b88000000 ---p 00000000 00:00 0 
7f4b8a266000-7f4b8a27c000 r-xp 00000000 08:08 2511506                    /home/k/Java/jdk1.7.0_45/jre/lib/amd64/libnet.so
7f4b8a27c000-7f4b8a47c000 ---p 00016000 08:08 2511506                    /home/k/Java/jdk1.7.0_45/jre/lib/amd64/libnet.so
7f4b8a47c000-7f4b8a47d000 rw-p 00016000 08:08 2511506                    /home/k/Java/jdk1.7.0_45/jre/lib/amd64/libnet.so
7f4b8a47d000-7f4b8a48d000 r-xp 00000000 08:08 2511555                    /home/k/Java/jdk1.7.0_45/jre/lib/amd64/libnio.so
7f4b8a48d000-7f4b8a68d000 ---p 00010000 08:08 2511555                    /home/k/Java/jdk1.7.0_45/jre/lib/amd64/libnio.so
7f4b8a68d000-7f4b8a68e000 rw-p 00010000 08:08 2511555                    /home/k/Java/jdk1.7.0_45/jre/lib/amd64/libnio.so
7f4b8a68e000-7f4b8ad70000 r--p 00000000 08:08 1712106                    /usr/lib/locale/locale-archive
7f4b8ad70000-7f4b8d000000 rw-p 00000000 00:00 0 
7f4b8d000000-7f4b8d270000 rwxp 00000000 00:00 0 
7f4b8d270000-7f4b901c3000 rw-p 00000000 00:00 0 
7f4b901c3000-7f4b94000000 ---p 00000000 00:00 0 
7f4b94140000-7f4b94147000 r--s 00000000 08:08 1966871                    /usr/lib/x86_64-linux-gnu/gconv/gconv-modules.cache
7f4b94147000-7f4b9415b000 r--p 00000000 08:08 2231932                    /usr/share/locale-langpack/zh_CN/LC_MESSAGES/libc.mo
7f4b9415b000-7f4b9418c000 rw-p 00000000 00:00 0 
7f4b9418c000-7f4b94196000 r--s 00085000 08:08 1189084                    /home/k/AndroidStudioProjects/ChatRoomApp/app/build/intermediates/exploded-aar/com.android.support/appcompat-v7/22.2.1/jars/classes.jar
7f4b94196000-7f4b94197000 ---p 00000000 00:00 0 
7f4b94197000-7f4b94297000 rw-p 00000000 00:00 0                          [stack:15831]
7f4b94297000-7f4b9429a000 ---p 00000000 00:00 0 
7f4b9429a000-7f4b94398000 rw-p 00000000 00:00 0                          [stack:15830]
7f4b94398000-7f4b9439b000 ---p 00000000 00:00 0 
7f4b9439b000-7f4b94499000 rw-p 00000000 00:00 0                          [stack:15829]
7f4b94499000-7f4b9449c000 ---p 00000000 00:00 0 
7f4b9449c000-7f4b9459a000 rw-p 00000000 00:00 0                          [stack:15828]
7f4b9459a000-7f4b9459d000 ---p 00000000 00:00 0 
7f4b9459d000-7f4b9469b000 rw-p 00000000 00:00 0                          [stack:15827]
7f4b9469b000-7f4b9469e000 ---p 00000000 00:00 0 
7f4b9469e000-7f4b9479c000 rw-p 00000000 00:00 0                          [stack:15826]
7f4b9479c000-7f4b9479f000 ---p 00000000 00:00 0 
7f4b9479f000-7f4b9489d000 rw-p 00000000 00:00 0                          [stack:15825]
7f4b9489d000-7f4b9489e000 ---p 00000000 00:00 0 
7f4b9489e000-7f4b95355000 rw-p 00000000 00:00 0                          [stack:15824]
7f4b95355000-7f4b95511000 r--s 039b2000 08:08 2511270                    /home/k/Java/jdk1.7.0_45/jre/lib/rt.jar
7f4b95511000-7f4b95833000 rw-p 00000000 00:00 0 
7f4b95833000-7f4b95834000 ---p 00000000 00:00 0 
7f4b95834000-7f4b95934000 rw-p 00000000 00:00 0                          [stack:15823]
7f4b95934000-7f4b95935000 ---p 00000000 00:00 0 
7f4b95935000-7f4b95a40000 rw-p 00000000 00:00 0                          [stack:15822]
7f4b95a40000-7f4b95a5e000 rw-p 00000000 00:00 0 
7f4b95a5e000-7f4b95a6e000 rw-p 00000000 00:00 0 
7f4b95a6e000-7f4b95bb4000 rw-p 00000000 00:00 0 
7f4b95bb4000-7f4b95bbf000 rw-p 00000000 00:00 0 
7f4b95bbf000-7f4b95bdd000 rw-p 00000000 00:00 0 
7f4b95bdd000-7f4b95bed000 rw-p 00000000 00:00 0 
7f4b95bed000-7f4b95d32000 rw-p 00000000 00:00 0 
7f4b95d32000-7f4b95d51000 rw-p 00000000 00:00 0 
7f4b95d51000-7f4b95ddd000 rw-p 00000000 00:00 0 
7f4b95ddd000-7f4b95dde000 rw-p 00000000 00:00 0 
7f4b95dde000-7f4b95df8000 r-xp 00000000 08:08 2511531                    /home/k/Java/jdk1.7.0_45/jre/lib/amd64/libzip.so
7f4b95df8000-7f4b95ff8000 ---p 0001a000 08:08 2511531                    /home/k/Java/jdk1.7.0_45/jre/lib/amd64/libzip.so
7f4b95ff8000-7f4b95ff9000 rw-p 0001a000 08:08 2511531                    /home/k/Java/jdk1.7.0_45/jre/lib/amd64/libzip.so
7f4b95ff9000-7f4b96003000 r-xp 00000000 08:08 2652355                    /lib/x86_64-linux-gnu/libnss_files-2.19.so
7f4b96003000-7f4b96203000 ---p 0000a000 08:08 2652355                    /lib/x86_64-linux-gnu/libnss_files-2.19.so
7f4b96203000-7f4b96204000 r--p 0000a000 08:08 2652355                    /lib/x86_64-linux-gnu/libnss_files-2.19.so
7f4b96204000-7f4b96205000 rw-p 0000b000 08:08 2652355                    /lib/x86_64-linux-gnu/libnss_files-2.19.so
7f4b96205000-7f4b96210000 r-xp 00000000 08:08 2652346                    /lib/x86_64-linux-gnu/libnss_nis-2.19.so
7f4b96210000-7f4b9640f000 ---p 0000b000 08:08 2652346                    /lib/x86_64-linux-gnu/libnss_nis-2.19.so
7f4b9640f000-7f4b96410000 r--p 0000a000 08:08 2652346                    /lib/x86_64-linux-gnu/libnss_nis-2.19.so
7f4b96410000-7f4b96411000 rw-p 0000b000 08:08 2652346                    /lib/x86_64-linux-gnu/libnss_nis-2.19.so
7f4b96411000-7f4b96428000 r-xp 00000000 08:08 2652342                    /lib/x86_64-linux-gnu/libnsl-2.19.so
7f4b96428000-7f4b96627000 ---p 00017000 08:08 2652342                    /lib/x86_64-linux-gnu/libnsl-2.19.so
7f4b96627000-7f4b96628000 r--p 00016000 08:08 2652342                    /lib/x86_64-linux-gnu/libnsl-2.19.so
7f4b96628000-7f4b96629000 rw-p 00017000 08:08 2652342                    /lib/x86_64-linux-gnu/libnsl-2.19.so
7f4b96629000-7f4b9662b000 rw-p 00000000 00:00 0 
7f4b9662b000-7f4b96634000 r-xp 00000000 08:08 2652340                    /lib/x86_64-linux-gnu/libnss_compat-2.19.so
7f4b96634000-7f4b96833000 ---p 00009000 08:08 2652340                    /lib/x86_64-linux-gnu/libnss_compat-2.19.so
7f4b96833000-7f4b96834000 r--p 00008000 08:08 2652340                    /lib/x86_64-linux-gnu/libnss_compat-2.19.so
7f4b96834000-7f4b96835000 rw-p 00009000 08:08 2652340                    /lib/x86_64-linux-gnu/libnss_compat-2.19.so
7f4b96835000-7f4b9685e000 r-xp 00000000 08:08 2511522                    /home/k/Java/jdk1.7.0_45/jre/lib/amd64/libjava.so
7f4b9685e000-7f4b96a5e000 ---p 00029000 08:08 2511522                    /home/k/Java/jdk1.7.0_45/jre/lib/amd64/libjava.so
7f4b96a5e000-7f4b96a60000 rw-p 00029000 08:08 2511522                    /home/k/Java/jdk1.7.0_45/jre/lib/amd64/libjava.so
7f4b96a60000-7f4b96a6d000 r-xp 00000000 08:08 2511511                    /home/k/Java/jdk1.7.0_45/jre/lib/amd64/libverify.so
7f4b96a6d000-7f4b96c6c000 ---p 0000d000 08:08 2511511                    /home/k/Java/jdk1.7.0_45/jre/lib/amd64/libverify.so
7f4b96c6c000-7f4b96c6e000 rw-p 0000c000 08:08 2511511                    /home/k/Java/jdk1.7.0_45/jre/lib/amd64/libverify.so
7f4b96c6e000-7f4b96c75000 r-xp 00000000 08:08 2652350                    /lib/x86_64-linux-gnu/librt-2.19.so
7f4b96c75000-7f4b96e74000 ---p 00007000 08:08 2652350                    /lib/x86_64-linux-gnu/librt-2.19.so
7f4b96e74000-7f4b96e75000 r--p 00006000 08:08 2652350                    /lib/x86_64-linux-gnu/librt-2.19.so
7f4b96e75000-7f4b96e76000 rw-p 00007000 08:08 2652350                    /lib/x86_64-linux-gnu/librt-2.19.so
7f4b96e76000-7f4b96f7b000 r-xp 00000000 08:08 2649984                    /lib/x86_64-linux-gnu/libm-2.19.so
7f4b96f7b000-7f4b9717a000 ---p 00105000 08:08 2649984                    /lib/x86_64-linux-gnu/libm-2.19.so
7f4b9717a000-7f4b9717b000 r--p 00104000 08:08 2649984                    /lib/x86_64-linux-gnu/libm-2.19.so
7f4b9717b000-7f4b9717c000 rw-p 00105000 08:08 2649984                    /lib/x86_64-linux-gnu/libm-2.19.so
7f4b9717c000-7f4b97cde000 r-xp 00000000 08:08 2511529                    /home/k/Java/jdk1.7.0_45/jre/lib/amd64/server/libjvm.so
7f4b97cde000-7f4b97ede000 ---p 00b62000 08:08 2511529                    /home/k/Java/jdk1.7.0_45/jre/lib/amd64/server/libjvm.so
7f4b97ede000-7f4b97fa1000 rw-p 00b62000 08:08 2511529                    /home/k/Java/jdk1.7.0_45/jre/lib/amd64/server/libjvm.so
7f4b97fa1000-7f4b97fe2000 rw-p 00000000 00:00 0 
7f4b97fe2000-7f4b9819c000 r-xp 00000000 08:08 2652351                    /lib/x86_64-linux-gnu/libc-2.19.so
7f4b9819c000-7f4b9839c000 ---p 001ba000 08:08 2652351                    /lib/x86_64-linux-gnu/libc-2.19.so
7f4b9839c000-7f4b983a0000 r--p 001ba000 08:08 2652351                    /lib/x86_64-linux-gnu/libc-2.19.so
7f4b983a0000-7f4b983a2000 rw-p 001be000 08:08 2652351                    /lib/x86_64-linux-gnu/libc-2.19.so
7f4b983a2000-7f4b983a7000 rw-p 00000000 00:00 0 
7f4b983a7000-7f4b983aa000 r-xp 00000000 08:08 2649986                    /lib/x86_64-linux-gnu/libdl-2.19.so
7f4b983aa000-7f4b985a9000 ---p 00003000 08:08 2649986                    /lib/x86_64-linux-gnu/libdl-2.19.so
7f4b985a9000-7f4b985aa000 r--p 00002000 08:08 2649986                    /lib/x86_64-linux-gnu/libdl-2.19.so
7f4b985aa000-7f4b985ab000 rw-p 00003000 08:08 2649986                    /lib/x86_64-linux-gnu/libdl-2.19.so
7f4b985ab000-7f4b985c1000 r-xp 00000000 08:08 2371910                    /home/k/Java/jdk1.7.0_45/lib/amd64/jli/libjli.so
7f4b985c1000-7f4b987c1000 ---p 00016000 08:08 2371910                    /home/k/Java/jdk1.7.0_45/lib/amd64/jli/libjli.so
7f4b987c1000-7f4b987c2000 rw-p 00016000 08:08 2371910                    /home/k/Java/jdk1.7.0_45/lib/amd64/jli/libjli.so
7f4b987c2000-7f4b987db000 r-xp 00000000 08:08 2652343                    /lib/x86_64-linux-gnu/libpthread-2.19.so
7f4b987db000-7f4b989da000 ---p 00019000 08:08 2652343                    /lib/x86_64-linux-gnu/libpthread-2.19.so
7f4b989da000-7f4b989db000 r--p 00018000 08:08 2652343                    /lib/x86_64-linux-gnu/libpthread-2.19.so
7f4b989db000-7f4b989dc000 rw-p 00019000 08:08 2652343                    /lib/x86_64-linux-gnu/libpthread-2.19.so
7f4b989dc000-7f4b989e0000 rw-p 00000000 00:00 0 
7f4b989e0000-7f4b98a03000 r-xp 00000000 08:08 2652344                    /lib/x86_64-linux-gnu/ld-2.19.so
7f4b98a07000-7f4b98a27000 rw-p 00000000 00:00 0 
7f4b98a27000-7f4b98add000 rw-p 00000000 00:00 0 
7f4b98add000-7f4b98ae0000 ---p 00000000 00:00 0 
7f4b98ae0000-7f4b98be2000 rw-p 00000000 00:00 0                          [stack:15819]
7f4b98be6000-7f4b98be7000 rw-p 00000000 00:00 0 
7f4b98be7000-7f4b98bf6000 r--s 000dd000 08:08 2932064                    /home/k/Android/android-sdk/Sdk/build-tools/22.0.1/lib/dx.jar
7f4b98bf6000-7f4b98bfe000 rw-s 00000000 08:08 3035645                    /tmp/hsperfdata_k/15817
7f4b98bfe000-7f4b98bff000 rw-p 00000000 00:00 0 
7f4b98bff000-7f4b98c00000 ---p 00000000 00:00 0 
7f4b98c00000-7f4b98c02000 rw-p 00000000 00:00 0 
7f4b98c02000-7f4b98c03000 r--p 00022000 08:08 2652344                    /lib/x86_64-linux-gnu/ld-2.19.so
7f4b98c03000-7f4b98c04000 rw-p 00023000 08:08 2652344                    /lib/x86_64-linux-gnu/ld-2.19.so
7f4b98c04000-7f4b98c05000 rw-p 00000000 00:00 0 
7ffc000d6000-7ffc000f7000 rw-p 00000000 00:00 0                          [stack]
7ffc00184000-7ffc00186000 r--p 00000000 00:00 0                          [vvar]
7ffc00186000-7ffc00188000 r-xp 00000000 00:00 0                          [vdso]
ffffffffff600000-ffffffffff601000 r-xp 00000000 00:00 0                  [vsyscall]

VM Arguments:
jvm_args: -Djava.awt.headless=true -Xmx1024M -Dfile.encoding=UTF-8 -Duser.country=CN -Duser.language=zh -Duser.variant 
java_command: com.android.dx.command.Main --dex --force-jumbo --output /home/k/AndroidStudioProjects/ChatRoomApp/app/build/intermediates/pre-dexed/debug/com.android.support-appcompat-v7-22.2.1_0e9c45d2203aba0e333449180a181e7759953f12.jar /home/k/AndroidStudioProjects/ChatRoomApp/app/build/intermediates/exploded-aar/com.android.support/appcompat-v7/22.2.1/jars/classes.jar
Launcher Type: SUN_STANDARD

Environment Variables:
CLASSPATH=/home/k/Android/android-studio/bin/../lib/bootstrap.jar:/home/k/Android/android-studio/bin/../lib/extensions.jar:/home/k/Android/android-studio/bin/../lib/util.jar:/home/k/Android/android-studio/bin/../lib/jdom.jar:/home/k/Android/android-studio/bin/../lib/log4j.jar:/home/k/Android/android-studio/bin/../lib/trove4j.jar:/home/k/Android/android-studio/bin/../lib/jna.jar:/home/k/Java/jdk1.7.0_45//lib/tools.jar
PATH=/home/k/em-linux/arm-linux-gcc/toolschain/4.5.1/bin:/home/k/Java/jdk1.7.0_45/bin:/home/k/Qt5.5.1/5.5/gcc_64/bin:/usr/local/sbin:/usr/local/bin:/usr/sbin:/usr/bin:/sbin:/bin:/usr/games:/usr/local/games
USERNAME=k
LD_LIBRARY_PATH=/home/k/Android/android-studio/bin:
SHELL=/bin/bash
DISPLAY=:0

Signal Handlers:
SIGSEGV: [libjvm.so+0x9935b0], sa_mask[0]=0x7ffbfeff, sa_flags=0x10000004
SIGBUS: [libjvm.so+0x9935b0], sa_mask[0]=0x7ffbfeff, sa_flags=0x10000004
SIGFPE: [libjvm.so+0x810330], sa_mask[0]=0x7ffbfeff, sa_flags=0x10000004
SIGPIPE: [libjvm.so+0x810330], sa_mask[0]=0x7ffbfeff, sa_flags=0x10000004
SIGXFSZ: [libjvm.so+0x810330], sa_mask[0]=0x7ffbfeff, sa_flags=0x10000004
SIGILL: [libjvm.so+0x810330], sa_mask[0]=0x7ffbfeff, sa_flags=0x10000004
SIGUSR1: SIG_DFL, sa_mask[0]=0x00000000, sa_flags=0x00000000
SIGUSR2: [libjvm.so+0x811820], sa_mask[0]=0x00000004, sa_flags=0x10000004
SIGHUP: [libjvm.so+0x812790], sa_mask[0]=0x7ffbfeff, sa_flags=0x10000004
SIGINT: [libjvm.so+0x812790], sa_mask[0]=0x7ffbfeff, sa_flags=0x10000004
SIGTERM: [libjvm.so+0x812790], sa_mask[0]=0x7ffbfeff, sa_flags=0x10000004
SIGQUIT: [libjvm.so+0x812790], sa_mask[0]=0x7ffbfeff, sa_flags=0x10000004


---------------  S Y S T E M  ---------------

OS:jessie/sid

uname:Linux 3.19.0-49-generic #55~14.04.1-Ubuntu SMP Fri Jan 22 11:24:31 UTC 2016 x86_64
libc:glibc 2.19 NPTL 2.19 
rlimit: STACK 8192k, CORE 0k, NPROC 11951, NOFILE 4096, AS infinity
load average:7.01 3.48 2.06

/proc/meminfo:
MemTotal:        3080992 kB
MemFree:           72796 kB
MemAvailable:      41876 kB
Buffers:             924 kB
Cached:            52988 kB
SwapCached:            0 kB
Active:          2822468 kB
Inactive:          44472 kB
Active(anon):    2814480 kB
Inactive(anon):    29364 kB
Active(file):       7988 kB
Inactive(file):    15108 kB
Unevictable:           0 kB
Mlocked:               0 kB
SwapTotal:             0 kB
SwapFree:              0 kB
Dirty:               624 kB
Writeback:             0 kB
AnonPages:       2813224 kB
Mapped:            42728 kB
Shmem:             30620 kB
Slab:              55648 kB
SReclaimable:      27688 kB
SUnreclaim:        27960 kB
KernelStack:        8816 kB
PageTables:        33332 kB
NFS_Unstable:          0 kB
Bounce:                0 kB
WritebackTmp:          0 kB
CommitLimit:     1540496 kB
Committed_AS:    6214064 kB
VmallocTotal:   34359738367 kB
VmallocUsed:      287912 kB
VmallocChunk:   34359444060 kB
HardwareCorrupted:     0 kB
AnonHugePages:   1595392 kB
CmaTotal:              0 kB
CmaFree:               0 kB
HugePages_Total:       0
HugePages_Free:        0
HugePages_Rsvd:        0
HugePages_Surp:        0
Hugepagesize:       2048 kB
DirectMap4k:      145024 kB
DirectMap2M:     3000320 kB


CPU:total 2 (2 cores per cpu, 1 threads per core) family 6 model 23 stepping 10, cmov, cx8, fxsr, mmx, sse, sse2, sse3, ssse3, tsc

/proc/cpuinfo:
processor	: 0
vendor_id	: GenuineIntel
cpu family	: 6
model		: 23
model name	: Celeron(R) Dual-Core CPU       T3500  @ 2.10GHz
stepping	: 10
microcode	: 0xa07
cpu MHz		: 2094.882
cache size	: 1024 KB
physical id	: 0
siblings	: 2
core id		: 0
cpu cores	: 2
apicid		: 0
initial apicid	: 0
fpu		: yes
fpu_exception	: yes
cpuid level	: 13
wp		: yes
flags		: fpu vme de pse tsc msr pae mce cx8 apic sep mtrr pge mca cmov pat pse36 clflush dts acpi mmx fxsr sse sse2 ss ht tm pbe syscall nx lm constant_tsc arch_perfmon pebs bts rep_good nopl aperfmperf pni dtes64 monitor ds_cpl tm2 ssse3 cx16 xtpr pdcm xsave lahf_lm dtherm
bugs		:
bogomips	: 4189.76
clflush size	: 64
cache_alignment	: 64
address sizes	: 36 bits physical, 48 bits virtual
power management:

processor	: 1
vendor_id	: GenuineIntel
cpu family	: 6
model		: 23
model name	: Celeron(R) Dual-Core CPU       T3500  @ 2.10GHz
stepping	: 10
microcode	: 0xa07
cpu MHz		: 2094.882
cache size	: 1024 KB
physical id	: 0
siblings	: 2
core id		: 1
cpu cores	: 2
apicid		: 1
initial apicid	: 1
fpu		: yes
fpu_exception	: yes
cpuid level	: 13
wp		: yes
flags		: fpu vme de pse tsc msr pae mce cx8 apic sep mtrr pge mca cmov pat pse36 clflush dts acpi mmx fxsr sse sse2 ss ht tm pbe syscall nx lm constant_tsc arch_perfmon pebs bts rep_good nopl aperfmperf pni dtes64 monitor ds_cpl tm2 ssse3 cx16 xtpr pdcm xsave lahf_lm dtherm
bugs		:
bogomips	: 4189.76
clflush size	: 64
cache_alignment	: 64
address sizes	: 36 bits physical, 48 bits virtual
power management:



Memory: 4k page, physical 3080992k(72796k free), swap 0k(0k free)

vm_info: Java HotSpot(TM) 64-Bit Server VM (24.45-b08) for linux-amd64 JRE (1.7.0_45-b18), built on Oct  8 2013 05:44:25 by "java_re" with gcc 4.3.0 20080428 (Red Hat 4.3.0-8)

time: Sun May  8 14:44:59 2016
elapsed time: 29 seconds

